Base path: C:/Program Files (x86)/Unity/Editor/Data
Pipe name: \\.\pipe\UnityShaderCompiler-1-17568
Cmd: getPlatforms
Cmd: preprocess
  insize=905 outsize=363 ok=1
Cmd: compileSnippet
  api=1 type=0 insize=810 outsize=213 kw= ok=1
Cmd: compileSnippet
  api=1 type=1 insize=810 outsize=59 kw= ok=1
Cmd: preprocess
  insize=1140 outsize=283 ok=1
Cmd: compileSnippet
  api=1 type=0 insize=1118 outsize=190 kw=LIGHTMAP_OFF ok=1
Cmd: compileSnippet
  api=1 type=1 insize=1118 outsize=111 kw=LIGHTMAP_OFF ok=1
Cmd: preprocess
  insize=1002 outsize=527 ok=1
Cmd: compileSnippet
  api=1 type=0 insize=749 outsize=132 kw= ok=1
Cmd: compileSnippet
  api=1 type=1 insize=749 outsize=74 kw= ok=1
Cmd: preprocess
  insize=2482 outsize=721 ok=1
Cmd: compileSnippet
  api=1 type=0 insize=1984 outsize=734 kw=LIGHTMAP_OFF ok=1
Cmd: compileSnippet
  api=1 type=1 insize=1984 outsize=675 kw=LIGHTMAP_OFF ok=1
Cmd: preprocess
  insize=1544 outsize=374 ok=1
Cmd: compileSnippet
  api=1 type=0 insize=1413 outsize=342 kw= ok=1
Cmd: compileSnippet
  api=1 type=1 insize=1413 outsize=235 kw= ok=1
Cmd: preprocess
  insize=1505 outsize=578 ok=1
Cmd: compileSnippet
  api=1 type=0 insize=1189 outsize=268 kw= ok=1
Cmd: compileSnippet
  api=1 type=1 insize=1189 outsize=214 kw= ok=1
Cmd: preprocess
  insize=1502 outsize=713 ok=1
Cmd: compileSnippet
  api=1 type=0 insize=1053 outsize=212 kw= ok=1
Cmd: compileSnippet
  api=1 type=1 insize=1053 outsize=114 kw= ok=1
Cmd: preprocess
  insize=4636 outsize=1077 ok=1
Cmd: compileSnippet
  api=1 type=0 insize=2756 outsize=1445 kw= ok=1
Cmd: compileSnippet
  api=1 type=1 insize=2756 outsize=650 kw= ok=1
Cmd: compileSnippet
  api=1 type=0 insize=2408 outsize=1117 kw= ok=1
Cmd: compileSnippet
  api=1 type=1 insize=2408 outsize=277 kw= ok=1
Cmd: preprocess
  insize=1067 outsize=472 ok=1
Cmd: compileSnippet
  api=1 type=0 insize=866 outsize=175 kw= ok=1
Cmd: compileSnippet
  api=1 type=1 insize=866 outsize=81 kw= ok=1
Cmd: preprocess
  insize=3322 outsize=825 ok=1
Cmd: compileSnippet
  api=1 type=0 insize=2001 outsize=863 kw= ok=1
Cmd: compileSnippet
  api=1 type=1 insize=2001 outsize=755 kw= ok=1
Cmd: compileSnippet
  api=1 type=0 insize=1528 outsize=313 kw= ok=1
Cmd: compileSnippet
  api=1 type=1 insize=1528 outsize=311 kw= ok=1
Cmd: preprocess
  insize=3813 outsize=1117 ok=1
Cmd: compileSnippet
  api=1 type=0 insize=2152 outsize=687 kw=LIGHTMAP_OFF ok=1
Cmd: compileSnippet
  api=1 type=1 insize=2152 outsize=625 kw=LIGHTMAP_OFF ok=1
Cmd: compileSnippet
  api=1 type=0 insize=1541 outsize=145 kw=LIGHTMAP_OFF ok=1
Cmd: compileSnippet
  api=1 type=1 insize=1541 outsize=99 kw=LIGHTMAP_OFF ok=1
Cmd: preprocess
  insize=846 outsize=406 ok=1
Cmd: compileSnippet
  api=1 type=0 insize=715 outsize=132 kw= ok=1
Cmd: compileSnippet
  api=1 type=1 insize=715 outsize=59 kw= ok=1
Cmd: preprocess
  insize=1560 outsize=717 ok=1
Cmd: compileSnippet
  api=1 type=0 insize=1106 outsize=225 kw= ok=1
Cmd: compileSnippet
  api=1 type=1 insize=1106 outsize=114 kw= ok=1
Cmd: preprocess
  insize=3904 outsize=614 ok=1
Cmd: compileSnippet
  api=1 type=0 insize=3284 outsize=379 kw= ok=1
Cmd: compileSnippet
  api=1 type=1 insize=3284 outsize=672 kw= ok=1
Cmd: compileSnippet
  api=1 type=0 insize=3295 outsize=379 kw= ok=1
Cmd: compileSnippet
  api=1 type=1 insize=3295 outsize=377 kw= ok=1
Cmd: compileSnippet
  api=1 type=0 insize=3308 outsize=132 kw= ok=1
Cmd: compileSnippet
  api=1 type=1 insize=3308 outsize=185 kw= ok=1
Cmd: preprocess
  insize=1699 outsize=501 ok=1
Cmd: compileSnippet
  api=1 type=0 insize=1445 outsize=478 kw= ok=1
Cmd: compileSnippet
  api=1 type=1 insize=1445 outsize=252 kw= ok=1
Cmd: preprocess
  insize=4445 outsize=999 ok=1
Cmd: compileSnippet
  api=1 type=0 insize=2697 outsize=1445 kw= ok=1
Cmd: compileSnippet
  api=1 type=1 insize=2697 outsize=725 kw= ok=1
Cmd: compileSnippet
  api=1 type=0 insize=2323 outsize=434 kw= ok=1
Cmd: compileSnippet
  api=1 type=1 insize=2323 outsize=312 kw= ok=1
Cmd: preprocess
  insize=1028 outsize=505 ok=1
Cmd: compileSnippet
  api=1 type=0 insize=795 outsize=145 kw= ok=1
Cmd: compileSnippet
  api=1 type=1 insize=795 outsize=74 kw= ok=1
Cmd: preprocess
  insize=1066 outsize=473 ok=1
Cmd: compileSnippet
  api=1 type=0 insize=864 outsize=175 kw= ok=1
Cmd: compileSnippet
  api=1 type=1 insize=864 outsize=81 kw= ok=1
Cmd: preprocess
  insize=7621 outsize=1622 ok=1
Cmd: compileSnippet
  api=1 type=0 insize=5385 outsize=132 kw= ok=1
Cmd: compileSnippet
  api=1 type=1 insize=5385 outsize=180 kw= ok=1
Cmd: compileSnippet
  api=1 type=0 insize=5385 outsize=132 kw= ok=1
Cmd: compileSnippet
  api=1 type=1 insize=5385 outsize=497 kw= ok=1
Cmd: compileSnippet
  api=1 type=0 insize=5385 outsize=132 kw= ok=1
Cmd: compileSnippet
  api=1 type=1 insize=5385 outsize=484 kw= ok=1
Cmd: compileSnippet
  api=1 type=0 insize=5384 outsize=231 kw= ok=1
Cmd: compileSnippet
  api=1 type=1 insize=5384 outsize=209 kw= ok=1
Cmd: compileSnippet
  api=1 type=0 insize=5386 outsize=132 kw= ok=1
Cmd: compileSnippet
  api=1 type=1 insize=5386 outsize=263 kw= ok=1
Cmd: compileSnippet
  api=1 type=0 insize=5393 outsize=231 kw= ok=1
Cmd: compileSnippet
  api=1 type=1 insize=5393 outsize=225 kw= ok=1
Cmd: compileSnippet
  api=1 type=0 insize=5383 outsize=227 kw= ok=1
Cmd: compileSnippet
  api=1 type=1 insize=5383 outsize=376 kw= ok=1
Cmd: preprocess
  insize=3812 outsize=770 ok=1
Cmd: compileSnippet
  api=1 type=0 insize=1960 outsize=450 kw=LIGHTMAP_OFF ok=1
Cmd: compileSnippet
  api=1 type=1 insize=1960 outsize=545 kw=LIGHTMAP_OFF ok=1
Cmd: compileSnippet
  api=1 type=0 insize=1972 outsize=450 kw=LIGHTMAP_OFF ok=1
Cmd: compileSnippet
  api=1 type=1 insize=1972 outsize=288 kw=LIGHTMAP_OFF ok=1
Cmd: preprocess
  insize=1248 outsize=406 ok=1
Cmd: compileSnippet
  api=1 type=0 insize=1099 outsize=485 kw= ok=1
Cmd: compileSnippet
  api=1 type=1 insize=1099 outsize=81 kw= ok=1
Cmd: preprocess
  insize=3233 outsize=825 ok=1
Cmd: compileSnippet
  api=1 type=0 insize=1846 outsize=734 kw= ok=1
Cmd: compileSnippet
  api=1 type=1 insize=1846 outsize=756 kw= ok=1
Cmd: compileSnippet
  api=1 type=0 insize=1551 outsize=336 kw=LIGHTMAP_OFF ok=1
Cmd: compileSnippet
  api=1 type=1 insize=1551 outsize=120 kw=LIGHTMAP_OFF ok=1
Cmd: preprocess
  insize=942 outsize=467 ok=1
Cmd: preprocess
  insize=899 outsize=381 ok=1
Cmd: compileSnippet
  api=1 type=0 insize=788 outsize=145 kw= ok=1
Cmd: compileSnippet
  api=1 type=1 insize=788 outsize=99 kw= ok=1
Cmd: preprocess
  insize=1056 outsize=463 ok=1
Cmd: preprocess
  insize=5042 outsize=882 ok=1
Cmd: compileSnippet
  api=1 type=0 insize=3981 outsize=329 kw= ok=1
Cmd: compileSnippet
  api=1 type=1 insize=3981 outsize=128 kw= ok=1
Cmd: compileSnippet
  api=1 type=0 insize=3978 outsize=347 kw= ok=1
Cmd: compileSnippet
  api=1 type=1 insize=3978 outsize=264 kw= ok=1
Cmd: compileSnippet
  api=1 type=0 insize=3997 outsize=389 kw= ok=1
Cmd: compileSnippet
  api=1 type=1 insize=3997 outsize=242 kw= ok=1
Cmd: compileSnippet
  api=1 type=0 insize=3999 outsize=389 kw= ok=1
Cmd: compileSnippet
  api=1 type=1 insize=3999 outsize=242 kw= ok=1
Cmd: compileSnippet
  api=1 type=0 insize=3994 outsize=329 kw= ok=1
Cmd: compileSnippet
  api=1 type=1 insize=3994 outsize=279 kw= ok=1
Cmd: compileSnippet
  api=1 type=0 insize=3986 outsize=347 kw= ok=1
Cmd: compileSnippet
  api=1 type=1 insize=3986 outsize=349 kw= ok=1
Cmd: preprocess
  insize=1035 outsize=482 ok=1
Cmd: compileSnippet
  api=1 type=0 insize=824 outsize=162 kw= ok=1
Cmd: compileSnippet
  api=1 type=1 insize=824 outsize=81 kw= ok=1
Cmd: preprocess
  insize=3334 outsize=1464 ok=1
Cmd: compileSnippet
  api=1 type=0 insize=1042 outsize=145 kw= ok=1
Cmd: compileSnippet
  api=1 type=1 insize=1042 outsize=172 kw= ok=1
Cmd: compileSnippet
  api=1 type=0 insize=1031 outsize=145 kw= ok=1
Cmd: compileSnippet
  api=1 type=1 insize=1031 outsize=119 kw= ok=1
Cmd: compileSnippet
  api=1 type=0 insize=973 outsize=132 kw= ok=1
Cmd: compileSnippet
  api=1 type=1 insize=973 outsize=104 kw= ok=1
Cmd: compileSnippet
  api=1 type=0 insize=998 outsize=145 kw= ok=1
Cmd: compileSnippet
  api=1 type=1 insize=998 outsize=104 kw= ok=1
Cmd: preprocess
  insize=1105 outsize=457 ok=1
Cmd: compileSnippet
  api=1 type=0 insize=914 outsize=178 kw= ok=1
Cmd: compileSnippet
  api=1 type=1 insize=914 outsize=128 kw= ok=1
Cmd: preprocess
  insize=923 outsize=435 ok=1
Cmd: compileSnippet
  api=1 type=0 insize=761 outsize=145 kw= ok=1
Cmd: compileSnippet
  api=1 type=1 insize=761 outsize=59 kw= ok=1
Cmd: preprocess
  insize=2610 outsize=780 ok=1
Cmd: compileSnippet
  api=1 type=0 insize=2053 outsize=734 kw=LIGHTMAP_OFF ok=1
Cmd: compileSnippet
  api=1 type=1 insize=2053 outsize=660 kw=LIGHTMAP_OFF ok=1
Cmd: compileSnippet
  api=1 type=0 insize=1960 outsize=497 kw=LIGHTMAP_ON ok=1
Cmd: compileSnippet
  api=1 type=1 insize=1960 outsize=696 kw=LIGHTMAP_ON ok=1
Cmd: compileSnippet
  api=1 type=0 insize=2053 outsize=739 kw=LIGHTMAP_ON ok=1
Cmd: compileSnippet
  api=1 type=1 insize=2053 outsize=725 kw=LIGHTMAP_ON ok=1
Cmd: compileSnippet
  api=1 type=0 insize=2152 outsize=734 kw=LIGHTMAP_ON ok=1
Cmd: compileSnippet
  api=1 type=1 insize=2152 outsize=760 kw=LIGHTMAP_ON ok=1
Cmd: compileSnippet
  api=1 type=0 insize=1984 outsize=739 kw=LIGHTMAP_ON ok=1
Cmd: compileSnippet
  api=1 type=1 insize=1984 outsize=759 kw=LIGHTMAP_ON ok=1
Cmd: compileSnippet
  api=5 type=0 insize=810 outsize=808 kw= ok=1
Cmd: compileSnippet
  api=5 type=1 insize=810 outsize=6 kw= ok=1
Cmd: compileSnippet
  api=5 type=0 insize=1118 outsize=1030 kw=LIGHTMAP_OFF ok=1
Cmd: compileSnippet
  api=5 type=1 insize=1118 outsize=6 kw=LIGHTMAP_OFF ok=1
Cmd: compileSnippet
  api=5 type=0 insize=749 outsize=631 kw= ok=1
Cmd: compileSnippet
  api=5 type=1 insize=749 outsize=6 kw= ok=1
Cmd: compileSnippet
  api=5 type=0 insize=1984 outsize=3612 kw=LIGHTMAP_OFF ok=1
Cmd: compileSnippet
  api=5 type=1 insize=1984 outsize=6 kw=LIGHTMAP_OFF ok=1
Cmd: compileSnippet
  api=5 type=0 insize=1189 outsize=1543 kw= ok=1
Cmd: compileSnippet
  api=5 type=1 insize=1189 outsize=6 kw= ok=1
Cmd: compileSnippet
  api=5 type=0 insize=1053 outsize=1046 kw= ok=1
Cmd: compileSnippet
  api=5 type=1 insize=1053 outsize=6 kw= ok=1
Cmd: compileSnippet
  api=5 type=0 insize=2756 outsize=5769 kw= ok=1
Cmd: compileSnippet
  api=5 type=1 insize=2756 outsize=6 kw= ok=1
Cmd: compileSnippet
  api=5 type=0 insize=2408 outsize=3679 kw= ok=1
Cmd: compileSnippet
  api=5 type=1 insize=2408 outsize=6 kw= ok=1
Cmd: compileSnippet
  api=5 type=0 insize=2001 outsize=4751 kw= ok=1
Cmd: compileSnippet
  api=5 type=1 insize=2001 outsize=6 kw= ok=1
Cmd: compileSnippet
  api=5 type=0 insize=1528 outsize=1828 kw= ok=1
Cmd: compileSnippet
  api=5 type=1 insize=1528 outsize=6 kw= ok=1
Cmd: compileSnippet
  api=5 type=0 insize=2152 outsize=3720 kw=LIGHTMAP_OFF ok=1
Cmd: compileSnippet
  api=5 type=1 insize=2152 outsize=6 kw=LIGHTMAP_OFF ok=1
Cmd: compileSnippet
  api=5 type=0 insize=1541 outsize=741 kw=LIGHTMAP_OFF ok=1
Cmd: compileSnippet
  api=5 type=1 insize=1541 outsize=6 kw=LIGHTMAP_OFF ok=1
Cmd: compileSnippet
  api=5 type=0 insize=715 outsize=586 kw= ok=1
Cmd: compileSnippet
  api=5 type=1 insize=715 outsize=6 kw= ok=1
Cmd: compileSnippet
  api=5 type=0 insize=1106 outsize=1118 kw= ok=1
Cmd: compileSnippet
  api=5 type=1 insize=1106 outsize=6 kw= ok=1
Cmd: compileSnippet
  api=5 type=0 insize=1445 outsize=1805 kw= ok=1
Cmd: compileSnippet
  api=5 type=1 insize=1445 outsize=6 kw= ok=1
Cmd: compileSnippet
  api=5 type=0 insize=2697 outsize=5642 kw= ok=1
Cmd: compileSnippet
  api=5 type=1 insize=2697 outsize=6 kw= ok=1
Cmd: compileSnippet
  api=5 type=0 insize=2323 outsize=2023 kw= ok=1
Cmd: compileSnippet
  api=5 type=1 insize=2323 outsize=6 kw= ok=1
Cmd: compileSnippet
  api=5 type=0 insize=795 outsize=703 kw= ok=1
Cmd: compileSnippet
  api=5 type=1 insize=795 outsize=6 kw= ok=1
Cmd: compileSnippet
  api=5 type=0 insize=864 outsize=828 kw= ok=1
Cmd: compileSnippet
  api=5 type=1 insize=864 outsize=6 kw= ok=1
Cmd: compileSnippet
  api=5 type=0 insize=1960 outsize=2797 kw=LIGHTMAP_OFF ok=1
Cmd: compileSnippet
  api=5 type=1 insize=1960 outsize=6 kw=LIGHTMAP_OFF ok=1
Cmd: compileSnippet
  api=5 type=0 insize=1972 outsize=2313 kw=LIGHTMAP_OFF ok=1
Cmd: compileSnippet
  api=5 type=1 insize=1972 outsize=6 kw=LIGHTMAP_OFF ok=1
Cmd: compileSnippet
  api=5 type=0 insize=1099 outsize=1122 kw= ok=1
Cmd: compileSnippet
  api=5 type=1 insize=1099 outsize=6 kw= ok=1
Cmd: compileSnippet
  api=5 type=0 insize=1846 outsize=4073 kw= ok=1
Cmd: compileSnippet
  api=5 type=1 insize=1846 outsize=6 kw= ok=1
Cmd: compileSnippet
  api=5 type=0 insize=1551 outsize=1609 kw=LIGHTMAP_OFF ok=1
Cmd: compileSnippet
  api=5 type=1 insize=1551 outsize=6 kw=LIGHTMAP_OFF ok=1
Cmd: compileSnippet
  api=5 type=0 insize=788 outsize=781 kw= ok=1
Cmd: compileSnippet
  api=5 type=1 insize=788 outsize=6 kw= ok=1
Cmd: compileSnippet
  api=5 type=0 insize=824 outsize=756 kw= ok=1
Cmd: compileSnippet
  api=5 type=1 insize=824 outsize=6 kw= ok=1
Cmd: compileSnippet
  api=5 type=0 insize=1042 outsize=774 kw= ok=1
Cmd: compileSnippet
  api=5 type=0 insize=1031 outsize=711 kw= ok=1
Cmd: compileSnippet
  api=5 type=1 insize=1031 outsize=6 kw= ok=1
Cmd: compileSnippet
  api=5 type=0 insize=973 outsize=594 kw= ok=1
Cmd: compileSnippet
  api=5 type=1 insize=973 outsize=6 kw= ok=1
Cmd: compileSnippet
  api=5 type=0 insize=998 outsize=666 kw= ok=1
Cmd: compileSnippet
  api=5 type=0 insize=914 outsize=898 kw= ok=1
Cmd: compileSnippet
  api=5 type=0 insize=761 outsize=658 kw= ok=1
Cmd: compileSnippet
  api=5 type=0 insize=2053 outsize=3728 kw=LIGHTMAP_OFF ok=1
Cmd: compileSnippet
  api=9 type=1 insize=2053 outsize=7 kw=LIGHTMAP_OFF ok=1
Cmd: compileSnippet
  api=5 type=0 insize=1413 outsize=1037 kw= ok=1
Cmd: compileSnippet
  api=5 type=1 insize=1413 outsize=6 kw= ok=1
Cmd: compileSnippet
  api=5 type=1 insize=3284 outsize=6 kw= ok=1
Cmd: compileSnippet
  api=5 type=0 insize=3295 outsize=1803 kw= ok=1
Cmd: compileSnippet
  api=5 type=1 insize=3295 outsize=6 kw= ok=1
Cmd: compileSnippet
  api=5 type=0 insize=3308 outsize=999 kw= ok=1
Cmd: compileSnippet
  api=5 type=0 insize=5385 outsize=860 kw= ok=1
Cmd: compileSnippet
  api=9 type=1 insize=5385 outsize=7 kw= ok=1
Cmd: compileSnippet
  api=5 type=0 insize=5385 outsize=1471 kw= ok=1
Cmd: compileSnippet
  api=5 type=1 insize=5385 outsize=6 kw= ok=1
Cmd: compileSnippet
  api=9 type=0 insize=5385 outsize=1332 kw= ok=1
Cmd: compileSnippet
  api=5 type=0 insize=5386 outsize=1088 kw= ok=1
Cmd: compileSnippet
  api=5 type=1 insize=5386 outsize=6 kw= ok=1
Cmd: compileSnippet
  api=5 type=0 insize=5393 outsize=1921 kw= ok=1
Cmd: compileSnippet
  api=5 type=1 insize=5393 outsize=6 kw= ok=1
Cmd: compileSnippet
  api=5 type=1 insize=5383 outsize=6 kw= ok=1
Cmd: compileSnippet
  api=5 type=0 insize=3981 outsize=564 kw= ok=1
Cmd: compileSnippet
  api=5 type=0 insize=3978 outsize=1442 kw= ok=1
Cmd: compileSnippet
  api=5 type=1 insize=3997 outsize=6 kw= ok=1
Cmd: compileSnippet
  api=5 type=1 insize=3999 outsize=6 kw= ok=1
Cmd: compileSnippet
  api=9 type=0 insize=3994 outsize=1052 kw= ok=1
Cmd: compileSnippet
  api=5 type=1 insize=3994 outsize=6 kw= ok=1
Cmd: compileSnippet
  api=5 type=0 insize=3986 outsize=1472 kw= ok=1
