Base path: C:/Program Files (x86)/Unity/Editor/Data
Pipe name: \\.\pipe\UnityShaderCompiler-2-17776
Cmd: getPlatforms
Cmd: compileSnippet
  api=9 type=0 insize=810 outsize=850 kw= ok=1
Cmd: compileSnippet
  api=9 type=1 insize=810 outsize=7 kw= ok=1
Cmd: compileSnippet
  api=9 type=0 insize=1118 outsize=1068 kw=LIGHTMAP_OFF ok=1
Cmd: compileSnippet
  api=5 type=1 insize=1118 outsize=6 kw=LIGHTMAP_ON ok=1
Cmd: compileSnippet
  api=9 type=0 insize=749 outsize=680 kw= ok=1
Cmd: compileSnippet
  api=9 type=1 insize=749 outsize=7 kw= ok=1
Cmd: compileSnippet
  api=5 type=0 insize=1984 outsize=3877 kw=LIGHTMAP_ON ok=1
Cmd: compileSnippet
  api=9 type=1 insize=1984 outsize=7 kw=LIGHTMAP_OFF ok=1
Cmd: compileSnippet
  api=9 type=1 insize=1189 outsize=7 kw= ok=1
Cmd: compileSnippet
  api=9 type=1 insize=2756 outsize=7 kw= ok=1
Cmd: compileSnippet
  api=9 type=1 insize=2001 outsize=7 kw= ok=1
Cmd: compileSnippet
  api=9 type=0 insize=2152 outsize=3713 kw=LIGHTMAP_OFF ok=1
Cmd: compileSnippet
  api=5 type=1 insize=2152 outsize=6 kw=LIGHTMAP_ON ok=1
Cmd: compileSnippet
  api=5 type=0 insize=1541 outsize=1162 kw=LIGHTMAP_ON ok=1
Cmd: compileSnippet
  api=5 type=1 insize=1541 outsize=6 kw=LIGHTMAP_ON ok=1
Cmd: compileSnippet
  api=9 type=1 insize=715 outsize=7 kw= ok=1
Cmd: compileSnippet
  api=9 type=1 insize=1106 outsize=7 kw= ok=1
Cmd: compileSnippet
  api=9 type=1 insize=2697 outsize=7 kw= ok=1
Cmd: compileSnippet
  api=9 type=1 insize=795 outsize=7 kw= ok=1
Cmd: compileSnippet
  api=9 type=1 insize=864 outsize=7 kw= ok=1
Cmd: compileSnippet
  api=5 type=0 insize=1960 outsize=3318 kw=LIGHTMAP_ON ok=1
Cmd: compileSnippet
  api=9 type=1 insize=1960 outsize=7 kw=LIGHTMAP_ON ok=1
Cmd: compileSnippet
  api=9 type=0 insize=1972 outsize=2336 kw=LIGHTMAP_OFF ok=1
Cmd: compileSnippet
  api=5 type=1 insize=1972 outsize=6 kw=LIGHTMAP_ON ok=1
Cmd: compileSnippet
  api=9 type=0 insize=1846 outsize=4048 kw= ok=1
Cmd: compileSnippet
  api=9 type=0 insize=1551 outsize=1825 kw=LIGHTMAP_ON ok=1
Cmd: compileSnippet
  api=5 type=1 insize=1551 outsize=6 kw=LIGHTMAP_ON ok=1
Cmd: compileSnippet
  api=9 type=1 insize=788 outsize=7 kw= ok=1
Cmd: compileSnippet
  api=9 type=1 insize=824 outsize=7 kw= ok=1
Cmd: compileSnippet
  api=9 type=1 insize=1042 outsize=7 kw= ok=1
Cmd: compileSnippet
  api=9 type=1 insize=1031 outsize=7 kw= ok=1
Cmd: compileSnippet
  api=9 type=0 insize=973 outsize=643 kw= ok=1
Cmd: compileSnippet
  api=9 type=1 insize=998 outsize=7 kw= ok=1
Cmd: compileSnippet
  api=9 type=1 insize=914 outsize=7 kw= ok=1
Cmd: compileSnippet
  api=5 type=0 insize=2053 outsize=3992 kw=LIGHTMAP_ON ok=1
Cmd: compileSnippet
  api=5 type=1 insize=2053 outsize=6 kw=LIGHTMAP_ON ok=1
Cmd: compileSnippet
  api=9 type=1 insize=3284 outsize=7 kw= ok=1
Cmd: compileSnippet
  api=9 type=1 insize=3308 outsize=7 kw= ok=1
Cmd: compileSnippet
  api=9 type=1 insize=5385 outsize=7 kw= ok=1
Cmd: compileSnippet
  api=9 type=1 insize=5385 outsize=7 kw= ok=1
Cmd: compileSnippet
  api=9 type=1 insize=5384 outsize=7 kw= ok=1
Cmd: compileSnippet
  api=9 type=1 insize=5383 outsize=7 kw= ok=1
Cmd: compileSnippet
  api=9 type=1 insize=3978 outsize=7 kw= ok=1
Cmd: compileSnippet
  api=9 type=0 insize=3999 outsize=1234 kw= ok=1
Cmd: compileSnippet
  api=9 type=1 insize=3986 outsize=7 kw= ok=1
Unhandled exception: Readfile from pipe failed. GLE=管道已结束。


Quitting shader compiler process
