Base path: C:/Program Files (x86)/Unity/Editor/Data
Pipe name: \\.\pipe\UnityShaderCompiler-4-17204
Cmd: getPlatforms
Cmd: compileSnippet
  api=9 type=0 insize=1118 outsize=1180 kw=LIGHTMAP_ON ok=1
Cmd: compileSnippet
  api=9 type=1 insize=1118 outsize=7 kw=LIGHTMAP_ON ok=1
Cmd: compileSnippet
  api=9 type=0 insize=1984 outsize=3861 kw=LIGHTMAP_ON ok=1
Cmd: compileSnippet
  api=9 type=1 insize=1984 outsize=7 kw=LIGHTMAP_ON ok=1
Cmd: compileSnippet
  api=9 type=1 insize=1053 outsize=7 kw= ok=1
Cmd: compileSnippet
  api=9 type=0 insize=2408 outsize=3699 kw= ok=1
Cmd: compileSnippet
  api=9 type=1 insize=2408 outsize=7 kw= ok=1
Cmd: compileSnippet
  api=9 type=0 insize=1528 outsize=1848 kw= ok=1
Cmd: compileSnippet
  api=9 type=0 insize=2152 outsize=4147 kw=LIGHTMAP_ON ok=1
Cmd: compileSnippet
  api=9 type=1 insize=2152 outsize=7 kw=LIGHTMAP_ON ok=1
Cmd: compileSnippet
  api=9 type=0 insize=1541 outsize=1193 kw=LIGHTMAP_ON ok=1
Cmd: compileSnippet
  api=9 type=1 insize=1541 outsize=7 kw=LIGHTMAP_ON ok=1
Cmd: compileSnippet
  api=9 type=0 insize=1106 outsize=1156 kw= ok=1
Cmd: compileSnippet
  api=9 type=0 insize=1445 outsize=1845 kw= ok=1
Cmd: compileSnippet
  api=9 type=0 insize=2697 outsize=5626 kw= ok=1
Cmd: compileSnippet
  api=9 type=0 insize=2323 outsize=2043 kw= ok=1
Cmd: compileSnippet
  api=9 type=0 insize=795 outsize=752 kw= ok=1
Cmd: compileSnippet
  api=9 type=0 insize=864 outsize=861 kw= ok=1
Cmd: compileSnippet
  api=9 type=0 insize=1960 outsize=2811 kw=LIGHTMAP_OFF ok=1
Cmd: compileSnippet
  api=5 type=1 insize=1960 outsize=6 kw=LIGHTMAP_ON ok=1
Cmd: compileSnippet
  api=9 type=0 insize=1972 outsize=2835 kw=LIGHTMAP_ON ok=1
Cmd: compileSnippet
  api=9 type=1 insize=1972 outsize=7 kw=LIGHTMAP_ON ok=1
Cmd: compileSnippet
  api=9 type=1 insize=1846 outsize=7 kw= ok=1
Cmd: compileSnippet
  api=5 type=0 insize=1551 outsize=1805 kw=LIGHTMAP_ON ok=1
Cmd: compileSnippet
  api=9 type=1 insize=1551 outsize=7 kw=LIGHTMAP_ON ok=1
Cmd: compileSnippet
  api=9 type=0 insize=1042 outsize=823 kw= ok=1
Cmd: compileSnippet
  api=5 type=1 insize=1042 outsize=6 kw= ok=1
Cmd: compileSnippet
  api=9 type=0 insize=1031 outsize=760 kw= ok=1
Cmd: compileSnippet
  api=5 type=1 insize=998 outsize=6 kw= ok=1
Cmd: compileSnippet
  api=5 type=1 insize=914 outsize=6 kw= ok=1
Cmd: compileSnippet
  api=9 type=0 insize=761 outsize=707 kw= ok=1
Cmd: compileSnippet
  api=5 type=1 insize=761 outsize=6 kw= ok=1
Cmd: compileSnippet
  api=9 type=0 insize=2053 outsize=3976 kw=LIGHTMAP_ON ok=1
Cmd: compileSnippet
  api=5 type=1 insize=2053 outsize=6 kw=LIGHTMAP_OFF ok=1
Cmd: compileSnippet
  api=9 type=0 insize=1413 outsize=1075 kw= ok=1
Cmd: compileSnippet
  api=9 type=1 insize=1413 outsize=7 kw= ok=1
Cmd: compileSnippet
  api=5 type=0 insize=3284 outsize=2324 kw= ok=1
Cmd: compileSnippet
  api=9 type=0 insize=3295 outsize=1822 kw= ok=1
Cmd: compileSnippet
  api=9 type=1 insize=3295 outsize=7 kw= ok=1
Cmd: compileSnippet
  api=9 type=0 insize=3308 outsize=1046 kw= ok=1
Cmd: compileSnippet
  api=5 type=1 insize=3308 outsize=6 kw= ok=1
Cmd: compileSnippet
  api=5 type=1 insize=5385 outsize=6 kw= ok=1
Cmd: compileSnippet
  api=9 type=0 insize=5385 outsize=1518 kw= ok=1
Cmd: compileSnippet
  api=5 type=0 insize=5385 outsize=1287 kw= ok=1
Cmd: compileSnippet
  api=5 type=1 insize=5385 outsize=6 kw= ok=1
Cmd: compileSnippet
  api=5 type=0 insize=5384 outsize=1742 kw= ok=1
Cmd: compileSnippet
  api=5 type=1 insize=5384 outsize=6 kw= ok=1
Cmd: compileSnippet
  api=9 type=1 insize=5386 outsize=7 kw= ok=1
Cmd: compileSnippet
  api=9 type=1 insize=5393 outsize=7 kw= ok=1
Cmd: compileSnippet
  api=5 type=0 insize=5383 outsize=1674 kw= ok=1
Cmd: compileSnippet
  api=9 type=0 insize=3981 outsize=611 kw= ok=1
Cmd: compileSnippet
  api=5 type=1 insize=3981 outsize=6 kw= ok=1
Cmd: compileSnippet
  api=9 type=0 insize=3978 outsize=1447 kw= ok=1
Cmd: compileSnippet
  api=5 type=1 insize=3978 outsize=6 kw= ok=1
Cmd: compileSnippet
  api=5 type=0 insize=3997 outsize=1218 kw= ok=1
Cmd: compileSnippet
  api=9 type=1 insize=3997 outsize=7 kw= ok=1
Cmd: compileSnippet
  api=5 type=0 insize=3999 outsize=1218 kw= ok=1
Cmd: compileSnippet
  api=5 type=0 insize=3994 outsize=1005 kw= ok=1
Cmd: compileSnippet
  api=9 type=1 insize=3994 outsize=7 kw= ok=1
Cmd: compileSnippet
  api=9 type=0 insize=3986 outsize=1477 kw= ok=1
Cmd: compileSnippet
  api=5 type=1 insize=3986 outsize=6 kw= ok=1
Unhandled exception: Readfile from pipe failed. GLE=管道已结束。


Quitting shader compiler process
