Base path: C:/Program Files/Unity/Editor/Data
Pipe name: \\.\pipe\UnityShaderCompiler-64bit-1-2852
Cmd: getPlatforms
Cmd: preprocess
  insize=905 outsize=365 ok=1
Cmd: compileSnippet
  api=1 type=0 insize=845 outsize=196 kw= ok=1
Cmd: compileSnippet
  api=1 type=1 insize=845 outsize=66 kw= ok=1
Cmd: preprocess
  insize=1387 outsize=511 ok=1
Cmd: compileSnippet
  api=1 type=0 insize=1182 outsize=189 kw=LIGHTMAP_OFF ok=1
Cmd: compileSnippet
  api=1 type=1 insize=1182 outsize=133 kw=LIGHTMAP_OFF ok=1
Cmd: preprocess
  insize=1002 outsize=527 ok=1
Cmd: compileSnippet
  api=1 type=0 insize=780 outsize=131 kw= ok=1
Cmd: compileSnippet
  api=1 type=1 insize=780 outsize=81 kw= ok=1
Cmd: preprocess
  insize=2730 outsize=950 ok=1
Cmd: compileSnippet
  api=1 type=0 insize=2087 outsize=686 kw=LIGHTMAP_OFF ok=1
Cmd: compileSnippet
  api=1 type=1 insize=2087 outsize=600 kw=LIGHTMAP_OFF ok=1
Cmd: preprocess
  insize=1544 outsize=374 ok=1
Cmd: compileSnippet
  api=1 type=0 insize=1475 outsize=263 kw= ok=1
Cmd: compileSnippet
  api=1 type=1 insize=1475 outsize=410 kw= ok=1
Cmd: preprocess
  insize=1505 outsize=578 ok=1
Cmd: compileSnippet
  api=1 type=0 insize=1233 outsize=267 kw= ok=1
Cmd: compileSnippet
  api=1 type=1 insize=1233 outsize=241 kw= ok=1
Cmd: preprocess
  insize=1502 outsize=713 ok=1
Cmd: compileSnippet
  api=1 type=0 insize=1095 outsize=202 kw= ok=1
Cmd: compileSnippet
  api=1 type=1 insize=1095 outsize=127 kw= ok=1
Cmd: preprocess
  insize=4636 outsize=1076 ok=1
Cmd: compileSnippet
  api=1 type=0 insize=2843 outsize=1341 kw= ok=1
Cmd: compileSnippet
  api=1 type=1 insize=2843 outsize=677 kw= ok=1
Cmd: compileSnippet
  api=1 type=0 insize=2486 outsize=1044 kw= ok=1
Cmd: compileSnippet
  api=1 type=1 insize=2486 outsize=298 kw= ok=1
Cmd: preprocess
  insize=1067 outsize=472 ok=1
Cmd: compileSnippet
  api=1 type=0 insize=900 outsize=173 kw= ok=1
Cmd: compileSnippet
  api=1 type=1 insize=900 outsize=88 kw= ok=1
Cmd: preprocess
  insize=3588 outsize=1054 ok=1
Cmd: compileSnippet
  api=1 type=0 insize=2094 outsize=824 kw= ok=1
Cmd: compileSnippet
  api=1 type=1 insize=2094 outsize=774 kw= ok=1
Cmd: compileSnippet
  api=1 type=0 insize=1610 outsize=312 kw= ok=1
Cmd: compileSnippet
  api=1 type=1 insize=1610 outsize=302 kw= ok=1
Cmd: preprocess
  insize=4080 outsize=1346 ok=1
Cmd: compileSnippet
  api=1 type=0 insize=2260 outsize=650 kw=LIGHTMAP_OFF ok=1
Cmd: compileSnippet
  api=1 type=1 insize=2260 outsize=665 kw=LIGHTMAP_OFF ok=1
Cmd: compileSnippet
  api=1 type=0 insize=1631 outsize=144 kw=LIGHTMAP_OFF ok=1
Cmd: compileSnippet
  api=1 type=1 insize=1631 outsize=90 kw=LIGHTMAP_OFF ok=1
Cmd: preprocess
  insize=846 outsize=406 ok=1
Cmd: compileSnippet
  api=1 type=0 insize=745 outsize=131 kw= ok=1
Cmd: compileSnippet
  api=1 type=1 insize=745 outsize=66 kw= ok=1
Cmd: preprocess
  insize=1560 outsize=717 ok=1
Cmd: compileSnippet
  api=1 type=0 insize=1149 outsize=215 kw= ok=1
Cmd: compileSnippet
  api=1 type=1 insize=1149 outsize=127 kw= ok=1
Cmd: preprocess
  insize=3904 outsize=614 ok=1
Cmd: compileSnippet
  api=1 type=0 insize=3406 outsize=291 kw= ok=1
Cmd: compileSnippet
  api=1 type=1 insize=3406 outsize=635 kw= ok=1
Cmd: compileSnippet
  api=1 type=0 insize=3416 outsize=291 kw= ok=1
Cmd: compileSnippet
  api=1 type=1 insize=3416 outsize=368 kw= ok=1
Cmd: compileSnippet
  api=1 type=0 insize=3429 outsize=131 kw= ok=1
Cmd: compileSnippet
  api=1 type=1 insize=3429 outsize=191 kw= ok=1
Cmd: preprocess
  insize=1699 outsize=501 ok=1
Cmd: compileSnippet
  api=1 type=0 insize=1500 outsize=424 kw= ok=1
Cmd: compileSnippet
  api=1 type=1 insize=1500 outsize=270 kw= ok=1
Cmd: preprocess
  insize=4445 outsize=999 ok=1
Cmd: compileSnippet
  api=1 type=0 insize=2780 outsize=1341 kw= ok=1
Cmd: compileSnippet
  api=1 type=1 insize=2780 outsize=715 kw= ok=1
Cmd: compileSnippet
  api=1 type=0 insize=2392 outsize=422 kw= ok=1
Cmd: compileSnippet
  api=1 type=1 insize=2392 outsize=306 kw= ok=1
Cmd: preprocess
  insize=1028 outsize=505 ok=1
Cmd: compileSnippet
  api=1 type=0 insize=828 outsize=144 kw= ok=1
Cmd: compileSnippet
  api=1 type=1 insize=828 outsize=81 kw= ok=1
Cmd: preprocess
  insize=1066 outsize=473 ok=1
Cmd: compileSnippet
  api=1 type=0 insize=898 outsize=173 kw= ok=1
Cmd: compileSnippet
  api=1 type=1 insize=898 outsize=88 kw= ok=1
Cmd: preprocess
  insize=7621 outsize=1621 ok=1
Cmd: compileSnippet
  api=1 type=0 insize=5563 outsize=131 kw= ok=1
Cmd: compileSnippet
  api=1 type=1 insize=5563 outsize=142 kw= ok=1
Cmd: compileSnippet
  api=1 type=0 insize=5562 outsize=131 kw= ok=1
Cmd: compileSnippet
  api=1 type=1 insize=5562 outsize=418 kw= ok=1
Cmd: compileSnippet
  api=1 type=0 insize=5562 outsize=131 kw= ok=1
Cmd: compileSnippet
  api=1 type=1 insize=5562 outsize=364 kw= ok=1
Cmd: compileSnippet
  api=1 type=0 insize=5561 outsize=340 kw= ok=1
Cmd: compileSnippet
  api=1 type=1 insize=5561 outsize=227 kw= ok=1
Cmd: compileSnippet
  api=1 type=0 insize=5563 outsize=131 kw= ok=1
Cmd: compileSnippet
  api=1 type=1 insize=5563 outsize=234 kw= ok=1
Cmd: compileSnippet
  api=1 type=0 insize=5569 outsize=340 kw= ok=1
Cmd: compileSnippet
  api=1 type=1 insize=5569 outsize=241 kw= ok=1
Cmd: compileSnippet
  api=1 type=0 insize=5559 outsize=208 kw= ok=1
Cmd: compileSnippet
  api=1 type=1 insize=5559 outsize=344 kw= ok=1
Cmd: preprocess
  insize=4079 outsize=1000 ok=1
Cmd: compileSnippet
  api=1 type=0 insize=2054 outsize=454 kw=LIGHTMAP_OFF ok=1
Cmd: compileSnippet
  api=1 type=1 insize=2054 outsize=627 kw=LIGHTMAP_OFF ok=1
Cmd: compileSnippet
  api=1 type=0 insize=2068 outsize=454 kw=LIGHTMAP_OFF ok=1
Cmd: compileSnippet
  api=1 type=1 insize=2068 outsize=293 kw=LIGHTMAP_OFF ok=1
Cmd: preprocess
  insize=1248 outsize=406 ok=1
Cmd: compileSnippet
  api=1 type=0 insize=1147 outsize=433 kw= ok=1
Cmd: compileSnippet
  api=1 type=1 insize=1147 outsize=88 kw= ok=1
Cmd: preprocess
  insize=3499 outsize=1052 ok=1
Cmd: compileSnippet
  api=1 type=0 insize=1941 outsize=695 kw= ok=1
Cmd: compileSnippet
  api=1 type=1 insize=1941 outsize=689 kw= ok=1
Cmd: compileSnippet
  api=1 type=0 insize=1637 outsize=332 kw=LIGHTMAP_OFF ok=1
Cmd: compileSnippet
  api=1 type=1 insize=1637 outsize=133 kw=LIGHTMAP_OFF ok=1
Cmd: preprocess
  insize=942 outsize=467 ok=1
Cmd: preprocess
  insize=899 outsize=381 ok=1
Cmd: compileSnippet
  api=1 type=0 insize=820 outsize=144 kw= ok=1
Cmd: compileSnippet
  api=1 type=1 insize=820 outsize=106 kw= ok=1
Cmd: preprocess
  insize=1056 outsize=463 ok=1
Cmd: preprocess
  insize=5042 outsize=882 ok=1
Cmd: compileSnippet
  api=1 type=0 insize=4110 outsize=248 kw= ok=1
Cmd: compileSnippet
  api=1 type=1 insize=4110 outsize=144 kw= ok=1
Cmd: compileSnippet
  api=1 type=0 insize=4106 outsize=270 kw= ok=1
Cmd: compileSnippet
  api=1 type=1 insize=4106 outsize=295 kw= ok=1
Cmd: compileSnippet
  api=1 type=0 insize=4125 outsize=280 kw= ok=1
Cmd: compileSnippet
  api=1 type=1 insize=4125 outsize=252 kw= ok=1
Cmd: compileSnippet
  api=1 type=0 insize=4127 outsize=280 kw= ok=1
Cmd: compileSnippet
  api=1 type=1 insize=4127 outsize=252 kw= ok=1
Cmd: compileSnippet
  api=1 type=0 insize=4122 outsize=248 kw= ok=1
Cmd: compileSnippet
  api=1 type=1 insize=4122 outsize=466 kw= ok=1
Cmd: compileSnippet
  api=1 type=0 insize=4114 outsize=270 kw= ok=1
Cmd: compileSnippet
  api=1 type=1 insize=4114 outsize=335 kw= ok=1
Cmd: preprocess
  insize=1035 outsize=483 ok=1
Cmd: compileSnippet
  api=1 type=0 insize=857 outsize=160 kw= ok=1
Cmd: compileSnippet
  api=1 type=1 insize=857 outsize=88 kw= ok=1
Cmd: preprocess
  insize=3334 outsize=1464 ok=1
Cmd: compileSnippet
  api=1 type=0 insize=1088 outsize=144 kw= ok=1
Cmd: compileSnippet
  api=1 type=1 insize=1088 outsize=165 kw= ok=1
Cmd: compileSnippet
  api=1 type=0 insize=1076 outsize=144 kw= ok=1
Cmd: compileSnippet
  api=1 type=1 insize=1076 outsize=96 kw= ok=1
Cmd: compileSnippet
  api=1 type=0 insize=1018 outsize=131 kw= ok=1
Cmd: compileSnippet
  api=1 type=1 insize=1018 outsize=81 kw= ok=1
Cmd: compileSnippet
  api=1 type=0 insize=1043 outsize=144 kw= ok=1
Cmd: compileSnippet
  api=1 type=1 insize=1043 outsize=81 kw= ok=1
Cmd: preprocess
  insize=1105 outsize=457 ok=1
Cmd: compileSnippet
  api=1 type=0 insize=953 outsize=177 kw= ok=1
Cmd: compileSnippet
  api=1 type=1 insize=953 outsize=141 kw= ok=1
Cmd: preprocess
  insize=923 outsize=435 ok=1
Cmd: compileSnippet
  api=1 type=0 insize=793 outsize=144 kw= ok=1
Cmd: compileSnippet
  api=1 type=1 insize=793 outsize=66 kw= ok=1
Cmd: preprocess
  insize=2858 outsize=1009 ok=1
Cmd: compileSnippet
  api=1 type=0 insize=2157 outsize=686 kw=LIGHTMAP_OFF ok=1
Cmd: compileSnippet
  api=1 type=1 insize=2157 outsize=659 kw=LIGHTMAP_OFF ok=1
Cmd: compileSnippet
  api=1 type=0 insize=541 outsize=832 kw=SHADOWS_DEPTH ok=1
Cmd: compileSnippet
  api=1 type=1 insize=541 outsize=61 kw=SHADOWS_DEPTH ok=1
Cmd: compileSnippet
  api=1 type=0 insize=6810 outsize=580 kw=DIRECTIONAL SHADOWS_OFF LIGHTMAP_OFF DIRLIGHTMAP_OFF DYNAMICLIGHTMAP_OFF ok=1
Cmd: compileSnippet
  api=1 type=1 insize=6810 outsize=263 kw=DIRECTIONAL SHADOWS_OFF LIGHTMAP_OFF DIRLIGHTMAP_OFF DYNAMICLIGHTMAP_OFF ok=1
Cmd: compileSnippet
  api=1 type=0 insize=3647 outsize=339 kw=DIRECTIONAL ok=1
Cmd: compileSnippet
  api=1 type=1 insize=3647 outsize=223 kw=DIRECTIONAL ok=1
Cmd: compileSnippet
  api=1 type=0 insize=1329 outsize=495 kw= ok=1
Cmd: compileSnippet
  api=1 type=1 insize=1329 outsize=240 kw= ok=1
Cmd: compileSnippet
  api=1 type=0 insize=1325 outsize=495 kw= ok=1
Cmd: compileSnippet
  api=1 type=1 insize=1325 outsize=240 kw= ok=1
Cmd: compileSnippet
  api=1 type=0 insize=1325 outsize=495 kw= ok=1
Cmd: compileSnippet
  api=1 type=1 insize=1325 outsize=240 kw= ok=1
Cmd: compileSnippet
  api=1 type=0 insize=1329 outsize=495 kw= ok=1
Cmd: compileSnippet
  api=1 type=1 insize=1329 outsize=240 kw= ok=1
Cmd: compileSnippet
  api=1 type=0 insize=1317 outsize=495 kw= ok=1
Cmd: compileSnippet
  api=1 type=1 insize=1317 outsize=240 kw= ok=1
Cmd: compileSnippet
  api=1 type=0 insize=1327 outsize=495 kw= ok=1
Cmd: compileSnippet
  api=1 type=1 insize=1327 outsize=240 kw= ok=1
Cmd: compileSnippet
  api=1 type=0 insize=7523 outsize=1006 kw=DIRECTIONAL SHADOWS_OFF LIGHTMAP_OFF DIRLIGHTMAP_OFF DYNAMICLIGHTMAP_OFF ok=1
Cmd: compileSnippet
  api=1 type=1 insize=7523 outsize=974 kw=DIRECTIONAL SHADOWS_OFF LIGHTMAP_OFF DIRLIGHTMAP_OFF DYNAMICLIGHTMAP_OFF ok=1
Cmd: compileSnippet
  api=1 type=0 insize=4918 outsize=819 kw=DIRECTIONAL ok=1
Cmd: compileSnippet
  api=1 type=1 insize=4918 outsize=834 kw=DIRECTIONAL ok=1
Cmd: compileSnippet
  api=1 type=0 insize=7817 outsize=1055 kw=DIRECTIONAL SHADOWS_OFF LIGHTMAP_OFF DIRLIGHTMAP_OFF DYNAMICLIGHTMAP_OFF ok=1
Cmd: compileSnippet
  api=1 type=1 insize=7817 outsize=1049 kw=DIRECTIONAL SHADOWS_OFF LIGHTMAP_OFF DIRLIGHTMAP_OFF DYNAMICLIGHTMAP_OFF ok=1
Cmd: compileSnippet
  api=1 type=0 insize=4993 outsize=819 kw=DIRECTIONAL ok=1
Cmd: compileSnippet
  api=1 type=1 insize=4993 outsize=834 kw=DIRECTIONAL ok=1
Cmd: compileSnippet
  api=1 type=0 insize=7269 outsize=615 kw=DIRECTIONAL SHADOWS_OFF LIGHTMAP_OFF DIRLIGHTMAP_OFF DYNAMICLIGHTMAP_OFF ok=1
Cmd: compileSnippet
  api=1 type=1 insize=7269 outsize=652 kw=DIRECTIONAL SHADOWS_OFF LIGHTMAP_OFF DIRLIGHTMAP_OFF DYNAMICLIGHTMAP_OFF ok=1
Cmd: compileSnippet
  api=1 type=0 insize=3907 outsize=339 kw=DIRECTIONAL ok=1
Cmd: compileSnippet
  api=1 type=1 insize=3907 outsize=515 kw=DIRECTIONAL ok=1
Cmd: compileSnippet
  api=1 type=0 insize=577 outsize=832 kw=SHADOWS_DEPTH ok=1
Cmd: compileSnippet
  api=1 type=1 insize=577 outsize=61 kw=SHADOWS_DEPTH ok=1
Cmd: compileSnippet
  api=1 type=0 insize=6731 outsize=580 kw=DIRECTIONAL LIGHTMAP_OFF DIRLIGHTMAP_OFF DYNAMICLIGHTMAP_OFF ok=1
Cmd: compileSnippet
  api=1 type=1 insize=6731 outsize=241 kw=DIRECTIONAL LIGHTMAP_OFF DIRLIGHTMAP_OFF DYNAMICLIGHTMAP_OFF ok=1
Cmd: compileSnippet
  api=1 type=0 insize=3569 outsize=339 kw=DIRECTIONAL ok=1
Cmd: compileSnippet
  api=1 type=1 insize=3569 outsize=201 kw=DIRECTIONAL ok=1
Cmd: compileSnippet
  api=1 type=0 insize=7075 outsize=615 kw=DIRECTIONAL SHADOWS_OFF LIGHTMAP_OFF DIRLIGHTMAP_OFF DYNAMICLIGHTMAP_OFF ok=1
Cmd: compileSnippet
  api=1 type=1 insize=7075 outsize=348 kw=DIRECTIONAL SHADOWS_OFF LIGHTMAP_OFF DIRLIGHTMAP_OFF DYNAMICLIGHTMAP_OFF ok=1
Cmd: compileSnippet
  api=1 type=0 insize=3755 outsize=339 kw=DIRECTIONAL ok=1
Cmd: compileSnippet
  api=1 type=1 insize=3755 outsize=226 kw=DIRECTIONAL ok=1
Cmd: compileSnippet
  api=1 type=0 insize=1705 outsize=169 kw=SOFTPARTICLES_OFF ok=1
Cmd: compileSnippet
  api=1 type=1 insize=1705 outsize=115 kw=SOFTPARTICLES_OFF ok=1
Cmd: compileSnippet
  api=1 type=0 insize=751 outsize=814 kw=SHADOWS_DEPTH ok=1
Cmd: compileSnippet
  api=1 type=1 insize=751 outsize=65 kw=SHADOWS_DEPTH ok=1
Cmd: compileSnippet
  api=1 type=0 insize=982 outsize=842 kw=DIRECTIONAL SHADOWS_OFF LIGHTMAP_OFF DIRLIGHTMAP_OFF DYNAMICLIGHTMAP_OFF ok=1
Cmd: compileSnippet
  api=1 type=1 insize=982 outsize=3721 kw=DIRECTIONAL SHADOWS_OFF LIGHTMAP_OFF DIRLIGHTMAP_OFF DYNAMICLIGHTMAP_OFF ok=1
Cmd: compileSnippet
  api=1 type=0 insize=938 outsize=808 kw=DIRECTIONAL SHADOWS_OFF ok=1
Cmd: compileSnippet
  api=1 type=1 insize=938 outsize=2070 kw=DIRECTIONAL SHADOWS_OFF ok=1
Cmd: compileSnippet
  api=1 type=0 insize=9591 outsize=3891 kw=UNITY_COLORSPACE_GAMMA ok=1
Cmd: compileSnippet
  api=1 type=1 insize=9591 outsize=967 kw=UNITY_COLORSPACE_GAMMA ok=1
Cmd: compileSnippet
  api=5 type=0 insize=7075 outsize=5114 kw=DIRECTIONAL SHADOWS_OFF LIGHTMAP_OFF DIRLIGHTMAP_OFF DYNAMICLIGHTMAP_OFF VERTEXLIGHT_ON ok=1
Cmd: compileSnippet
  api=5 type=0 insize=7075 outsize=5806 kw=DIRECTIONAL SHADOWS_SCREEN LIGHTMAP_OFF DIRLIGHTMAP_OFF DYNAMICLIGHTMAP_OFF VERTEXLIGHT_ON ok=1
Cmd: compileSnippet
  api=5 type=1 insize=7075 outsize=6 kw=DIRECTIONAL SHADOWS_SCREEN SHADOWS_NATIVE LIGHTMAP_OFF DIRLIGHTMAP_OFF DYNAMICLIGHTMAP_OFF ok=1
Cmd: compileSnippet
  api=5 type=0 insize=3755 outsize=2362 kw=DIRECTIONAL ok=1
Cmd: compileSnippet
  api=5 type=1 insize=3755 outsize=6 kw=POINT_COOKIE ok=1
Cmd: compileSnippet
  api=5 type=0 insize=2913 outsize=1320 kw= ok=1
Cmd: compileSnippet
  api=5 type=1 insize=2913 outsize=6 kw= ok=1
Cmd: compileSnippet
  api=5 type=0 insize=6232 outsize=3770 kw=LIGHTMAP_OFF DIRLIGHTMAP_OFF DYNAMICLIGHTMAP_OFF HDR_LIGHT_PREPASS_OFF ok=1
Cmd: compileSnippet
  api=5 type=1 insize=6232 outsize=6 kw=LIGHTMAP_OFF DIRLIGHTMAP_OFF DYNAMICLIGHTMAP_OFF UNITY_HDR_ON ok=1
Cmd: compileSnippet
  api=5 type=0 insize=6731 outsize=3239 kw=DIRECTIONAL LIGHTMAP_OFF DIRLIGHTMAP_OFF DYNAMICLIGHTMAP_OFF ok=1
Cmd: compileSnippet
  api=5 type=1 insize=6731 outsize=6 kw=DIRECTIONAL LIGHTMAP_OFF DIRLIGHTMAP_OFF DYNAMICLIGHTMAP_OFF ok=1
Cmd: compileSnippet
  api=5 type=0 insize=3569 outsize=2772 kw=POINT ok=1
Cmd: compileSnippet
  api=5 type=1 insize=3569 outsize=6 kw=POINT_COOKIE ok=1
Cmd: compileSnippet
  api=5 type=0 insize=1329 outsize=1301 kw= ok=1
Cmd: compileSnippet
  api=5 type=1 insize=1329 outsize=6 kw= ok=1
Cmd: compileSnippet
  api=5 type=0 insize=1325 outsize=1297 kw= ok=1
Cmd: compileSnippet
  api=5 type=1 insize=1325 outsize=6 kw= ok=1
Cmd: compileSnippet
  api=5 type=0 insize=1325 outsize=1297 kw= ok=1
Cmd: compileSnippet
  api=5 type=1 insize=1325 outsize=6 kw= ok=1
Cmd: compileSnippet
  api=5 type=0 insize=1329 outsize=1301 kw= ok=1
Cmd: compileSnippet
  api=5 type=0 insize=1317 outsize=1289 kw= ok=1
Cmd: compileSnippet
  api=5 type=1 insize=1317 outsize=6 kw= ok=1
Cmd: compileSnippet
  api=5 type=0 insize=1327 outsize=1297 kw= ok=1
Cmd: compileSnippet
  api=5 type=1 insize=1327 outsize=6 kw= ok=1
Cmd: compileSnippet
  api=5 type=1 insize=1482 outsize=6 kw=SOFTPARTICLES_OFF ok=1
Cmd: compileSnippet
  api=5 type=0 insize=845 outsize=808 kw= ok=1
Cmd: compileSnippet
  api=5 type=1 insize=845 outsize=6 kw= ok=1
Cmd: compileSnippet
  api=5 type=0 insize=1182 outsize=1028 kw=LIGHTMAP_OFF ok=1
Cmd: compileSnippet
  api=5 type=1 insize=1182 outsize=6 kw=LIGHTMAP_OFF ok=1
Cmd: compileSnippet
  api=5 type=1 insize=780 outsize=6 kw= ok=1
Cmd: compileSnippet
  api=5 type=0 insize=2087 outsize=3549 kw=LIGHTMAP_OFF ok=1
Cmd: compileSnippet
  api=5 type=1 insize=2087 outsize=6 kw=LIGHTMAP_OFF ok=1
Cmd: compileSnippet
  api=5 type=0 insize=1233 outsize=1543 kw= ok=1
Cmd: compileSnippet
  api=5 type=1 insize=1233 outsize=6 kw= ok=1
Cmd: compileSnippet
  api=5 type=0 insize=1095 outsize=1046 kw= ok=1
Cmd: compileSnippet
  api=5 type=1 insize=1095 outsize=6 kw= ok=1
Cmd: compileSnippet
  api=5 type=0 insize=2843 outsize=5330 kw= ok=1
Cmd: compileSnippet
  api=5 type=1 insize=2843 outsize=6 kw= ok=1
Cmd: compileSnippet
  api=5 type=0 insize=2486 outsize=3290 kw= ok=1
Cmd: compileSnippet
  api=5 type=1 insize=2486 outsize=6 kw= ok=1
Cmd: compileSnippet
  api=5 type=0 insize=2094 outsize=4773 kw= ok=1
Cmd: compileSnippet
  api=5 type=1 insize=2094 outsize=6 kw= ok=1
Cmd: compileSnippet
  api=5 type=0 insize=1610 outsize=1952 kw= ok=1
Cmd: compileSnippet
  api=5 type=1 insize=1610 outsize=6 kw= ok=1
Cmd: compileSnippet
  api=5 type=0 insize=2260 outsize=3657 kw=LIGHTMAP_OFF ok=1
Cmd: compileSnippet
  api=5 type=1 insize=2260 outsize=6 kw=LIGHTMAP_OFF ok=1
Cmd: compileSnippet
  api=5 type=0 insize=1631 outsize=741 kw=LIGHTMAP_OFF ok=1
Cmd: compileSnippet
  api=5 type=1 insize=1631 outsize=6 kw=LIGHTMAP_OFF ok=1
Cmd: compileSnippet
  api=5 type=0 insize=745 outsize=586 kw= ok=1
Cmd: compileSnippet
  api=5 type=1 insize=745 outsize=6 kw= ok=1
Cmd: compileSnippet
  api=5 type=0 insize=1149 outsize=1118 kw= ok=1
Cmd: compileSnippet
  api=5 type=1 insize=1149 outsize=6 kw= ok=1
Cmd: compileSnippet
  api=5 type=1 insize=1500 outsize=6 kw= ok=1
Cmd: compileSnippet
  api=5 type=0 insize=2780 outsize=5203 kw= ok=1
Cmd: compileSnippet
  api=5 type=1 insize=2780 outsize=6 kw= ok=1
Cmd: compileSnippet
  api=5 type=0 insize=2392 outsize=1920 kw= ok=1
Cmd: compileSnippet
  api=5 type=1 insize=2392 outsize=6 kw= ok=1
Cmd: compileSnippet
  api=5 type=0 insize=828 outsize=703 kw= ok=1
Cmd: compileSnippet
  api=5 type=1 insize=828 outsize=6 kw= ok=1
Cmd: compileSnippet
  api=5 type=0 insize=898 outsize=828 kw= ok=1
Cmd: compileSnippet
  api=5 type=1 insize=898 outsize=6 kw= ok=1
Cmd: compileSnippet
  api=5 type=0 insize=2054 outsize=2797 kw=LIGHTMAP_OFF ok=1
Cmd: compileSnippet
  api=5 type=1 insize=2054 outsize=6 kw=LIGHTMAP_OFF ok=1
Cmd: compileSnippet
  api=5 type=0 insize=2068 outsize=2313 kw=LIGHTMAP_OFF ok=1
Cmd: compileSnippet
  api=5 type=1 insize=2068 outsize=6 kw=LIGHTMAP_OFF ok=1
Cmd: compileSnippet
  api=5 type=0 insize=1147 outsize=1122 kw= ok=1
Cmd: compileSnippet
  api=5 type=1 insize=1147 outsize=6 kw= ok=1
Cmd: compileSnippet
  api=5 type=0 insize=1941 outsize=4145 kw= ok=1
Cmd: compileSnippet
  api=5 type=1 insize=1941 outsize=6 kw= ok=1
Cmd: compileSnippet
  api=5 type=0 insize=1637 outsize=1607 kw=LIGHTMAP_OFF ok=1
Cmd: compileSnippet
  api=5 type=1 insize=1637 outsize=6 kw=LIGHTMAP_OFF ok=1
Cmd: compileSnippet
  api=5 type=0 insize=820 outsize=781 kw= ok=1
Cmd: compileSnippet
  api=5 type=1 insize=820 outsize=6 kw= ok=1
Cmd: compileSnippet
  api=5 type=0 insize=857 outsize=756 kw= ok=1
Cmd: compileSnippet
  api=5 type=1 insize=857 outsize=6 kw= ok=1
Cmd: compileSnippet
  api=5 type=0 insize=1088 outsize=774 kw= ok=1
Cmd: compileSnippet
  api=5 type=1 insize=1088 outsize=6 kw= ok=1
Cmd: compileSnippet
  api=5 type=0 insize=1076 outsize=711 kw= ok=1
Cmd: compileSnippet
  api=5 type=1 insize=1076 outsize=6 kw= ok=1
Cmd: compileSnippet
  api=5 type=0 insize=1018 outsize=594 kw= ok=1
Cmd: compileSnippet
  api=5 type=1 insize=1018 outsize=6 kw= ok=1
Cmd: compileSnippet
  api=5 type=0 insize=1043 outsize=666 kw= ok=1
Cmd: compileSnippet
  api=5 type=1 insize=1043 outsize=6 kw= ok=1
Cmd: compileSnippet
  api=5 type=0 insize=953 outsize=898 kw= ok=1
Cmd: compileSnippet
  api=5 type=1 insize=953 outsize=6 kw= ok=1
Cmd: compileSnippet
  api=5 type=0 insize=2157 outsize=3665 kw=LIGHTMAP_OFF ok=1
Cmd: compileSnippet
  api=5 type=1 insize=2157 outsize=6 kw=LIGHTMAP_OFF ok=1
Cmd: compileSnippet
  api=5 type=0 insize=1475 outsize=1022 kw= ok=1
Cmd: compileSnippet
  api=5 type=1 insize=1475 outsize=6 kw= ok=1
Cmd: compileSnippet
  api=5 type=0 insize=3406 outsize=2324 kw= ok=1
Cmd: compileSnippet
  api=5 type=1 insize=3406 outsize=6 kw= ok=1
Cmd: compileSnippet
  api=5 type=0 insize=3416 outsize=1803 kw= ok=1
Cmd: compileSnippet
  api=5 type=1 insize=3416 outsize=6 kw= ok=1
Cmd: compileSnippet
  api=5 type=0 insize=3429 outsize=999 kw= ok=1
Cmd: compileSnippet
  api=5 type=1 insize=3429 outsize=6 kw= ok=1
Cmd: compileSnippet
  api=5 type=0 insize=5563 outsize=860 kw= ok=1
Cmd: compileSnippet
  api=5 type=1 insize=5563 outsize=6 kw= ok=1
Cmd: compileSnippet
  api=5 type=0 insize=5562 outsize=1471 kw= ok=1
Cmd: compileSnippet
  api=5 type=1 insize=5562 outsize=6 kw= ok=1
Cmd: compileSnippet
  api=5 type=0 insize=5562 outsize=1287 kw= ok=1
Cmd: compileSnippet
  api=5 type=1 insize=5562 outsize=6 kw= ok=1
Cmd: compileSnippet
  api=5 type=0 insize=5561 outsize=1742 kw= ok=1
Cmd: compileSnippet
  api=5 type=1 insize=5561 outsize=6 kw= ok=1
Cmd: compileSnippet
  api=5 type=0 insize=5563 outsize=1088 kw= ok=1
Cmd: compileSnippet
  api=5 type=1 insize=5563 outsize=6 kw= ok=1
Cmd: compileSnippet
  api=5 type=0 insize=5569 outsize=1921 kw= ok=1
Cmd: compileSnippet
  api=5 type=1 insize=5569 outsize=6 kw= ok=1
Cmd: compileSnippet
  api=5 type=1 insize=5559 outsize=6 kw= ok=1
Cmd: compileSnippet
  api=5 type=0 insize=4110 outsize=564 kw= ok=1
Cmd: compileSnippet
  api=5 type=1 insize=4110 outsize=6 kw= ok=1
Cmd: compileSnippet
  api=5 type=0 insize=4106 outsize=1442 kw= ok=1
Cmd: compileSnippet
  api=5 type=1 insize=4106 outsize=6 kw= ok=1
Cmd: compileSnippet
  api=5 type=0 insize=4125 outsize=1218 kw= ok=1
Cmd: compileSnippet
  api=5 type=1 insize=4125 outsize=6 kw= ok=1
Cmd: compileSnippet
  api=5 type=0 insize=4127 outsize=1218 kw= ok=1
Cmd: compileSnippet
  api=5 type=1 insize=4127 outsize=6 kw= ok=1
Cmd: compileSnippet
  api=5 type=1 insize=4122 outsize=6 kw= ok=1
Cmd: compileSnippet
  api=5 type=0 insize=4114 outsize=1472 kw= ok=1
Cmd: compileSnippet
  api=5 type=1 insize=4114 outsize=6 kw= ok=1
Cmd: compileSnippet
  api=5 type=0 insize=541 outsize=2079 kw=SHADOWS_DEPTH ok=1
Cmd: compileSnippet
  api=9 type=1 insize=541 outsize=7 kw=SHADOWS_DEPTH ok=1
Cmd: compileSnippet
  api=5 type=0 insize=6810 outsize=3297 kw=DIRECTIONAL SHADOWS_OFF LIGHTMAP_OFF DIRLIGHTMAP_OFF DYNAMICLIGHTMAP_OFF ok=1
Cmd: compileSnippet
  api=9 type=0 insize=6810 outsize=4138 kw=DIRECTIONAL SHADOWS_SCREEN SHADOWS_NATIVE LIGHTMAP_OFF DIRLIGHTMAP_OFF DYNAMICLIGHTMAP_OFF ok=1
Cmd: compileSnippet
  api=5 type=1 insize=6810 outsize=6 kw=DIRECTIONAL SHADOWS_SCREEN SHADOWS_NATIVE LIGHTMAP_OFF DIRLIGHTMAP_OFF DYNAMICLIGHTMAP_OFF ok=1
Cmd: compileSnippet
  api=5 type=0 insize=3647 outsize=2828 kw=POINT ok=1
Cmd: compileSnippet
  api=9 type=0 insize=3647 outsize=2934 kw=POINT_COOKIE ok=1
Cmd: compileSnippet
  api=5 type=1 insize=3647 outsize=6 kw=DIRECTIONAL ok=1
Cmd: compileSnippet
  api=9 type=1 insize=3647 outsize=7 kw=POINT_COOKIE ok=1
Cmd: compileSnippet
  api=5 type=1 insize=2805 outsize=6 kw= ok=1
Cmd: compileSnippet
  api=5 type=0 insize=5974 outsize=3452 kw=LIGHTMAP_OFF DIRLIGHTMAP_OFF DYNAMICLIGHTMAP_OFF UNITY_HDR_ON ok=1
Cmd: compileSnippet
  api=5 type=1 insize=5974 outsize=6 kw=LIGHTMAP_OFF DIRLIGHTMAP_OFF DYNAMICLIGHTMAP_OFF UNITY_HDR_ON ok=1
Cmd: compileSnippet
  api=5 type=0 insize=5928 outsize=3514 kw=LIGHTMAP_OFF DIRLIGHTMAP_OFF DYNAMICLIGHTMAP_OFF HDR_LIGHT_PREPASS_OFF ok=1
Cmd: compileSnippet
  api=5 type=1 insize=5928 outsize=6 kw=LIGHTMAP_OFF DIRLIGHTMAP_OFF DYNAMICLIGHTMAP_OFF HDR_LIGHT_PREPASS_OFF ok=1
Cmd: compileSnippet
  api=5 type=0 insize=1275 outsize=3714 kw=POINT SHADOWS_OFF ok=1
Cmd: compileSnippet
  api=9 type=0 insize=1275 outsize=4120 kw=POINT_COOKIE SHADOWS_OFF ok=1
Cmd: compileSnippet
  api=5 type=0 insize=1275 outsize=5022 kw=SPOT SHADOWS_DEPTH SHADOWS_NONATIVE ok=1
Cmd: compileSnippet
  api=5 type=0 insize=1275 outsize=4140 kw=DIRECTIONAL_COOKIE SHADOWS_SCREEN ok=1
Cmd: compileSnippet
  api=5 type=0 insize=1275 outsize=5596 kw=POINT SHADOWS_CUBE SHADOWS_SOFT ok=1
Cmd: compileSnippet
  api=9 type=0 insize=1275 outsize=5691 kw=POINT_COOKIE SHADOWS_CUBE SHADOWS_SOFT ok=1
Cmd: compileSnippet
  api=9 type=1 insize=1275 outsize=7 kw=POINT SHADOWS_OFF ok=1
Cmd: compileSnippet
  api=9 type=1 insize=1275 outsize=7 kw=POINT_COOKIE SHADOWS_OFF ok=1
Cmd: compileSnippet
  api=5 type=1 insize=1275 outsize=6 kw=SPOT SHADOWS_DEPTH SHADOWS_NATIVE ok=1
Cmd: compileSnippet
  api=9 type=1 insize=1275 outsize=7 kw=POINT SHADOWS_CUBE ok=1
Cmd: compileSnippet
  api=5 type=1 insize=1275 outsize=6 kw=SPOT SHADOWS_DEPTH SHADOWS_SOFT SHADOWS_NATIVE ok=1
Cmd: compileSnippet
  api=9 type=1 insize=1275 outsize=7 kw=POINT_COOKIE SHADOWS_CUBE SHADOWS_SOFT ok=1
Cmd: compileSnippet
  api=9 type=1 insize=1275 outsize=7 kw=DIRECTIONAL_COOKIE SHADOWS_SCREEN SHADOWS_NATIVE ok=1
Cmd: compileSnippet
  api=5 type=0 insize=1268 outsize=3654 kw=POINT SHADOWS_OFF ok=1
Cmd: compileSnippet
  api=9 type=0 insize=1268 outsize=4060 kw=POINT_COOKIE SHADOWS_OFF ok=1
Cmd: compileSnippet
  api=5 type=0 insize=1268 outsize=4962 kw=SPOT SHADOWS_DEPTH SHADOWS_NONATIVE ok=1
Cmd: compileSnippet
  api=5 type=0 insize=1268 outsize=4605 kw=POINT_COOKIE SHADOWS_CUBE ok=1
Cmd: compileSnippet
  api=9 type=0 insize=1268 outsize=5806 kw=SPOT SHADOWS_DEPTH SHADOWS_SOFT SHADOWS_NATIVE ok=1
Cmd: compileSnippet
  api=9 type=0 insize=1268 outsize=5631 kw=POINT_COOKIE SHADOWS_CUBE SHADOWS_SOFT ok=1
Cmd: compileSnippet
  api=5 type=1 insize=1268 outsize=6 kw=POINT SHADOWS_OFF ok=1
Cmd: compileSnippet
  api=9 type=1 insize=1268 outsize=7 kw=SPOT SHADOWS_OFF ok=1
Cmd: compileSnippet
  api=5 type=1 insize=1268 outsize=6 kw=DIRECTIONAL_COOKIE SHADOWS_OFF ok=1
Cmd: compileSnippet
  api=5 type=1 insize=1268 outsize=6 kw=DIRECTIONAL SHADOWS_SCREEN ok=1
Cmd: compileSnippet
  api=5 type=1 insize=1268 outsize=6 kw=POINT_COOKIE SHADOWS_CUBE ok=1
Cmd: compileSnippet
  api=5 type=1 insize=1268 outsize=6 kw=POINT SHADOWS_CUBE SHADOWS_SOFT ok=1
Cmd: compileSnippet
  api=9 type=1 insize=1268 outsize=7 kw=POINT_COOKIE SHADOWS_CUBE SHADOWS_SOFT ok=1
Cmd: compileSnippet
  api=5 type=0 insize=1273 outsize=3315 kw=DIRECTIONAL SHADOWS_OFF ok=1
Cmd: compileSnippet
  api=9 type=0 insize=1273 outsize=3353 kw=DIRECTIONAL SHADOWS_OFF ok=1
Cmd: compileSnippet
  api=9 type=0 insize=1273 outsize=4065 kw=POINT_COOKIE SHADOWS_OFF ok=1
Cmd: compileSnippet
  api=5 type=0 insize=1273 outsize=5023 kw=SPOT SHADOWS_DEPTH SHADOWS_NATIVE ok=1
Cmd: compileSnippet
  api=5 type=0 insize=1273 outsize=3797 kw=DIRECTIONAL SHADOWS_SCREEN ok=1
Cmd: compileSnippet
  api=9 type=0 insize=1273 outsize=4287 kw=POINT SHADOWS_CUBE ok=1
Cmd: compileSnippet
  api=5 type=0 insize=1273 outsize=6049 kw=SPOT SHADOWS_DEPTH SHADOWS_SOFT SHADOWS_NONATIVE ok=1
Cmd: compileSnippet
  api=5 type=0 insize=1273 outsize=5541 kw=POINT SHADOWS_CUBE SHADOWS_SOFT ok=1
Cmd: compileSnippet
  api=9 type=0 insize=1273 outsize=5636 kw=POINT_COOKIE SHADOWS_CUBE SHADOWS_SOFT ok=1
Cmd: compileSnippet
  api=9 type=0 insize=1273 outsize=4119 kw=DIRECTIONAL_COOKIE SHADOWS_SCREEN SHADOWS_NATIVE ok=1
Cmd: compileSnippet
  api=9 type=1 insize=1273 outsize=7 kw=POINT SHADOWS_OFF ok=1
Cmd: compileSnippet
  api=5 type=1 insize=1273 outsize=6 kw=POINT_COOKIE SHADOWS_OFF ok=1
Cmd: compileSnippet
  api=5 type=1 insize=1273 outsize=6 kw=SPOT SHADOWS_DEPTH SHADOWS_NONATIVE ok=1
Cmd: compileSnippet
  api=5 type=1 insize=1273 outsize=6 kw=DIRECTIONAL_COOKIE SHADOWS_SCREEN ok=1
Cmd: compileSnippet
  api=9 type=1 insize=1273 outsize=7 kw=POINT_COOKIE SHADOWS_CUBE ok=1
Cmd: compileSnippet
  api=9 type=1 insize=1273 outsize=7 kw=POINT SHADOWS_CUBE SHADOWS_SOFT ok=1
Cmd: compileSnippet
  api=9 type=1 insize=1273 outsize=7 kw=DIRECTIONAL SHADOWS_SCREEN SHADOWS_NATIVE ok=1
Cmd: compileSnippet
  api=5 type=0 insize=1934 outsize=3946 kw=POINT SHADOWS_OFF ok=1
Cmd: compileSnippet
  api=5 type=0 insize=1934 outsize=4318 kw=POINT_COOKIE SHADOWS_OFF ok=1
Cmd: compileSnippet
  api=5 type=0 insize=1934 outsize=5481 kw=SPOT SHADOWS_DEPTH SHADOWS_NATIVE ok=1
Cmd: compileSnippet
  api=5 type=0 insize=1934 outsize=4546 kw=POINT SHADOWS_CUBE ok=1
Cmd: compileSnippet
  api=5 type=0 insize=1934 outsize=6503 kw=SPOT SHADOWS_DEPTH SHADOWS_SOFT SHADOWS_NONATIVE ok=1
Cmd: compileSnippet
  api=9 type=0 insize=1934 outsize=5572 kw=POINT SHADOWS_CUBE SHADOWS_SOFT ok=1
Cmd: compileSnippet
  api=5 type=0 insize=1934 outsize=4493 kw=DIRECTIONAL_COOKIE SHADOWS_SCREEN SHADOWS_NATIVE ok=1
Cmd: compileSnippet
  api=9 type=0 insize=1934 outsize=3869 kw=POINT SHADOWS_OFF UNITY_HDR_ON ok=1
Cmd: compileSnippet
  api=9 type=0 insize=1934 outsize=4236 kw=POINT_COOKIE SHADOWS_OFF UNITY_HDR_ON ok=1
Cmd: compileSnippet
  api=5 type=0 insize=1934 outsize=5369 kw=SPOT SHADOWS_DEPTH SHADOWS_NATIVE UNITY_HDR_ON ok=1
Cmd: compileSnippet
  api=5 type=0 insize=1934 outsize=4437 kw=POINT SHADOWS_CUBE UNITY_HDR_ON ok=1
Cmd: compileSnippet
  api=5 type=0 insize=1934 outsize=6391 kw=SPOT SHADOWS_DEPTH SHADOWS_SOFT UNITY_HDR_ON SHADOWS_NONATIVE ok=1
Cmd: compileSnippet
  api=9 type=0 insize=1934 outsize=5463 kw=POINT SHADOWS_CUBE SHADOWS_SOFT UNITY_HDR_ON ok=1
Cmd: compileSnippet
  api=9 type=0 insize=1934 outsize=4414 kw=DIRECTIONAL_COOKIE SHADOWS_SCREEN SHADOWS_NATIVE UNITY_HDR_ON ok=1
Cmd: compileSnippet
  api=5 type=1 insize=1934 outsize=6 kw=POINT SHADOWS_OFF ok=1
Cmd: compileSnippet
  api=5 type=1 insize=1934 outsize=6 kw=SPOT SHADOWS_OFF ok=1
Cmd: compileSnippet
  api=5 type=1 insize=1934 outsize=6 kw=SPOT SHADOWS_DEPTH SHADOWS_NONATIVE ok=1
Cmd: compileSnippet
  api=5 type=1 insize=1934 outsize=6 kw=POINT SHADOWS_CUBE ok=1
Cmd: compileSnippet
  api=5 type=1 insize=1934 outsize=6 kw=SPOT SHADOWS_DEPTH SHADOWS_SOFT SHADOWS_NONATIVE ok=1
Cmd: compileSnippet
  api=9 type=1 insize=1934 outsize=7 kw=POINT SHADOWS_CUBE SHADOWS_SOFT ok=1
Cmd: compileSnippet
  api=9 type=1 insize=1934 outsize=7 kw=DIRECTIONAL SHADOWS_SCREEN SHADOWS_NATIVE ok=1
Cmd: compileSnippet
  api=9 type=1 insize=1934 outsize=7 kw=POINT SHADOWS_OFF UNITY_HDR_ON ok=1
Cmd: compileSnippet
  api=9 type=1 insize=1934 outsize=7 kw=SPOT SHADOWS_OFF UNITY_HDR_ON ok=1
Cmd: compileSnippet
  api=9 type=1 insize=1934 outsize=7 kw=DIRECTIONAL_COOKIE SHADOWS_OFF UNITY_HDR_ON ok=1
Cmd: compileSnippet
  api=5 type=1 insize=1934 outsize=6 kw=POINT SHADOWS_CUBE UNITY_HDR_ON ok=1
Cmd: compileSnippet
  api=9 type=1 insize=1934 outsize=7 kw=POINT_COOKIE SHADOWS_CUBE UNITY_HDR_ON ok=1
Cmd: compileSnippet
  api=9 type=1 insize=1934 outsize=7 kw=POINT SHADOWS_CUBE SHADOWS_SOFT UNITY_HDR_ON ok=1
Cmd: compileSnippet
  api=9 type=1 insize=1934 outsize=7 kw=DIRECTIONAL SHADOWS_SCREEN SHADOWS_NATIVE UNITY_HDR_ON ok=1
Cmd: compileSnippet
  api=9 type=1 insize=1934 outsize=7 kw=DIRECTIONAL_COOKIE SHADOWS_SCREEN SHADOWS_NATIVE UNITY_HDR_ON ok=1
Cmd: compileSnippet
  api=5 type=0 insize=683 outsize=505 kw= ok=1
Cmd: compileSnippet
  api=5 type=1 insize=683 outsize=6 kw= ok=1
Cmd: compileSnippet
  api=5 type=0 insize=1051 outsize=1017 kw= ok=1
Cmd: compileSnippet
  api=5 type=1 insize=1051 outsize=6 kw= ok=1
Cmd: compileSnippet
  api=5 type=0 insize=1089 outsize=829 kw= ok=1
Cmd: compileSnippet
  api=5 type=1 insize=1089 outsize=6 kw= ok=1
Cmd: compileSnippet
  api=5 type=0 insize=6481 outsize=21177 kw= ok=1
Cmd: compileSnippet
  api=5 type=1 insize=6481 outsize=6 kw= ok=1
Cmd: compileSnippet
  api=5 type=0 insize=723 outsize=856 kw= ok=1
Cmd: compileSnippet
  api=5 type=0 insize=1079 outsize=1467 kw= ok=1
Cmd: compileSnippet
  api=5 type=1 insize=1079 outsize=6 kw= ok=1
